<?xml version="1.0" encoding="UTF-8"?>
<!-- Generated by org.testng.reporters.JUnitReportReporter -->
<testsuite hostname="DESKTOP-D98BE3B" failures="0" tests="3" name="com.employee.testcases.TC005_VerifyDeleteEmpRecord" time="0.036" errors="0" timestamp="13 Jul 2019 16:48:30 GMT" skipped="0">
  <testcase classname="com.employee.testcases.TC005_VerifyDeleteEmpRecord" name="ValidateContentType" time="0.012"/>
  <testcase classname="com.employee.testcases.TC005_VerifyDeleteEmpRecord" name="ValidateStatusCode" time="0.020"/>
  <testcase classname="com.employee.testcases.TC005_VerifyDeleteEmpRecord" name="ValidateResponseBody" time="0.004"/>
</testsuite> <!-- com.employee.testcases.TC005_VerifyDeleteEmpRecord -->
