<?xml version="1.0" encoding="UTF-8"?>
<!-- Generated by org.testng.reporters.JUnitReportReporter -->
<testsuite hostname="DESKTOP-D98BE3B" failures="0" tests="2" name="com.employee.testcases.TC004_VerifyUpdateExistingEmployee" time="0.018" errors="0" timestamp="13 Jul 2019 16:48:30 GMT" skipped="0">
  <testcase classname="com.employee.testcases.TC004_VerifyUpdateExistingEmployee" name="ValidateStatusCode" time="0.004"/>
  <testcase classname="com.employee.testcases.TC004_VerifyUpdateExistingEmployee" name="ValidateResponseBody" time="0.014"/>
</testsuite> <!-- com.employee.testcases.TC004_VerifyUpdateExistingEmployee -->
