<?xml version="1.0" encoding="UTF-8"?>
<!-- Generated by org.testng.reporters.JUnitReportReporter -->
<testsuite hostname="DESKTOP-D98BE3B" failures="0" tests="3" name="com.employee.testcases.TC002_VerifySingleEmployeeData" time="0.015" errors="0" timestamp="13 Jul 2019 16:48:30 GMT" skipped="0">
  <testcase classname="com.employee.testcases.TC002_VerifySingleEmployeeData" name="ValidateResponseBody" time="0.007"/>
  <testcase classname="com.employee.testcases.TC002_VerifySingleEmployeeData" name="ValidateStatusCode" time="0.004"/>
  <testcase classname="com.employee.testcases.TC002_VerifySingleEmployeeData" name="ValidateContentType" time="0.004"/>
</testsuite> <!-- com.employee.testcases.TC002_VerifySingleEmployeeData -->
