<?xml version="1.0" encoding="UTF-8"?>
<!-- Generated by org.testng.reporters.JUnitReportReporter -->
<testsuite hostname="DESKTOP-D98BE3B" failures="0" tests="2" name="com.employee.testcases.TC003_VerifyCreateNewEmployee" time="0.008" errors="0" timestamp="13 Jul 2019 16:48:30 GMT" skipped="0">
  <testcase classname="com.employee.testcases.TC003_VerifyCreateNewEmployee" name="ValidateStatusCode" time="0.000"/>
  <testcase classname="com.employee.testcases.TC003_VerifyCreateNewEmployee" name="ValidateResponseBody" time="0.008"/>
</testsuite> <!-- com.employee.testcases.TC003_VerifyCreateNewEmployee -->
